2025-10-16 01:20:13,886 - basicLogger - DEBUG - Stored event passenger_count with a trace id of 1760602812791729100
2025-10-16 01:20:14,959 - basicLogger - DEBUG - Stored event passenger_count with a trace id of 1760602813897207700
2025-10-16 01:20:35,683 - basicLogger - DEBUG - Stored event wait_time with a trace id of 1760602834622892600
2025-10-16 01:20:36,752 - basicLogger - DEBUG - Stored event wait_time with a trace id of 1760602835690878900
2025-10-16 01:25:23,682 - basicLogger - DEBUG - Stored event passenger_count with a trace id of 1760603122478553800
2025-10-16 01:25:24,808 - basicLogger - DEBUG - Stored event passenger_count with a trace id of 1760603123731306700
2025-10-16 01:30:20,680 - basicLogger - DEBUG - Stored event wait_time with a trace id of 1760603419616440300
2025-10-16 01:30:23,867 - basicLogger - DEBUG - Stored event wait_time with a trace id of 1760603422762314900
2025-10-16 01:55:53,753 - basicLogger - DEBUG - Stored event passenger_count with a trace id of 1760604952535121300
2025-10-16 01:55:54,827 - basicLogger - DEBUG - Stored event passenger_count with a trace id of 1760604953756770700
2025-10-17 22:01:03,637 - basicLogger - INFO - Starting Storage Service on port 8090
2025-10-17 22:01:13,846 - basicLogger - INFO - Starting Storage Service on port 8090
2025-10-17 22:04:33,100 - basicLogger - INFO - Starting Storage Service on port 8090
2025-10-17 22:10:01,097 - basicLogger - INFO - Starting Storage Service on port 8090
2025-10-17 22:18:45,164 - basicLogger - INFO - Starting Storage Service on port 8090
2025-10-17 22:19:39,287 - basicLogger - INFO - Starting Storage Service on port 8090
2025-10-17 22:33:16,171 - basicLogger - INFO - Starting Storage Service on port 8090
2025-10-17 22:33:34,171 - basicLogger - DEBUG - Found 0 WaitTimeEvent pressure readings (start: 2025-10-17 22:15:57.788345, end: 2025-10-17 22:33:29.357852)
2025-10-17 22:33:39,054 - basicLogger - DEBUG - Found 0 WaitTimeEvent pressure readings (start: 2025-10-17 22:15:57.788345, end: 2025-10-17 22:33:34.351418)
2025-10-17 22:34:29,934 - basicLogger - DEBUG - Found 0 WaitTimeEvent pressure readings (start: 2025-10-17 22:15:57.788345, end: 2025-10-17 22:34:25.168058)
2025-10-17 22:34:34,906 - basicLogger - DEBUG - Found 0 WaitTimeEvent pressure readings (start: 2025-10-17 22:15:57.788345, end: 2025-10-17 22:34:30.165201)
2025-10-17 22:39:51,051 - basicLogger - INFO - Starting Storage Service on port 8090
2025-10-17 22:40:06,638 - basicLogger - DEBUG - Found 0 PassengerCountEvent pressure readings (start: 2025-10-17, end: 2025-10-17)
2025-10-17 22:40:09,011 - basicLogger - DEBUG - Found 0 WaitTimeEvent pressure readings (start: 2025-10-17 22:15:57.788345, end: 2025-10-17 22:40:04.215630)
2025-10-17 22:40:11,538 - basicLogger - DEBUG - Found 0 PassengerCountEvent pressure readings (start: 2025-10-17, end: 2025-10-17)
2025-10-17 22:40:13,904 - basicLogger - DEBUG - Found 0 WaitTimeEvent pressure readings (start: 2025-10-17 22:15:57.788345, end: 2025-10-17 22:40:09.206165)
2025-10-17 22:44:21,427 - basicLogger - DEBUG - Found 0 PassengerCountEvent pressure readings (start: 2025-10-17, end: 2025-10-17)
2025-10-17 22:44:23,817 - basicLogger - DEBUG - Found 0 WaitTimeEvent pressure readings (start: 2025-10-17 22:15:57.788345, end: 2025-10-17 22:44:19.041915)
2025-10-17 22:44:26,424 - basicLogger - DEBUG - Found 0 PassengerCountEvent pressure readings (start: 2025-10-17, end: 2025-10-17)
2025-10-17 22:44:28,787 - basicLogger - DEBUG - Found 0 WaitTimeEvent pressure readings (start: 2025-10-17 22:15:57.788345, end: 2025-10-17 22:44:24.043181)
2025-10-17 22:48:09,629 - basicLogger - DEBUG - Stored event passenger_count with a trace id of 1632934353001234700
2025-10-17 22:48:11,077 - basicLogger - DEBUG - Stored event passenger_count with a trace id of 1632934353001234700
2025-10-17 22:48:20,544 - basicLogger - DEBUG - Stored event wait_time with a trace id of 1632934353001234700
2025-10-17 22:48:21,213 - basicLogger - DEBUG - Stored event wait_time with a trace id of 1632934353001234700
2025-10-17 22:51:50,599 - basicLogger - DEBUG - Found 0 PassengerCountEvent pressure readings (start: 2025-10-17, end: 2025-10-17)
2025-10-17 22:51:52,983 - basicLogger - DEBUG - Found 0 WaitTimeEvent pressure readings (start: 2025-10-17 22:15:57.788345, end: 2025-10-17 22:51:48.197151)
2025-10-17 22:52:48,454 - basicLogger - DEBUG - Found 0 PassengerCountEvent pressure readings (start: 2025-10-17, end: 2025-10-17)
2025-10-17 22:52:50,826 - basicLogger - DEBUG - Found 0 WaitTimeEvent pressure readings (start: 2025-10-17 22:15:57.788345, end: 2025-10-17 22:52:46.034409)
2025-10-17 22:52:53,389 - basicLogger - DEBUG - Found 0 PassengerCountEvent pressure readings (start: 2025-10-17, end: 2025-10-17)
2025-10-17 22:52:55,752 - basicLogger - DEBUG - Found 0 WaitTimeEvent pressure readings (start: 2025-10-17 22:15:57.788345, end: 2025-10-17 22:52:51.026742)
2025-10-17 22:52:58,383 - basicLogger - DEBUG - Found 0 PassengerCountEvent pressure readings (start: 2025-10-17, end: 2025-10-17)
2025-10-17 22:53:00,752 - basicLogger - DEBUG - Found 0 WaitTimeEvent pressure readings (start: 2025-10-17 22:15:57.788345, end: 2025-10-17 22:52:56.025780)
2025-10-17 22:54:12,547 - basicLogger - DEBUG - Found 0 PassengerCountEvent pressure readings (start: 2025-10-17, end: 2025-10-17)
2025-10-17 22:54:14,946 - basicLogger - DEBUG - Found 0 WaitTimeEvent pressure readings (start: 2025-10-17 22:15:57.788345, end: 2025-10-17 22:54:10.146136)
2025-10-17 22:54:17,523 - basicLogger - DEBUG - Found 0 PassengerCountEvent pressure readings (start: 2025-10-17, end: 2025-10-17)
2025-10-17 22:54:18,750 - basicLogger - DEBUG - Stored event passenger_count with a trace id of 1632934353001234700
2025-10-17 22:54:19,922 - basicLogger - DEBUG - Found 0 WaitTimeEvent pressure readings (start: 2025-10-17 22:15:57.788345, end: 2025-10-17 22:54:15.143472)
2025-10-17 22:54:22,523 - basicLogger - DEBUG - Found 0 PassengerCountEvent pressure readings (start: 2025-10-17, end: 2025-10-17)
2025-10-17 22:54:24,890 - basicLogger - DEBUG - Found 0 WaitTimeEvent pressure readings (start: 2025-10-17 22:15:57.788345, end: 2025-10-17 22:54:20.153543)
2025-10-17 22:54:26,834 - basicLogger - DEBUG - Stored event wait_time with a trace id of 1632934353001234700
2025-10-17 22:54:27,522 - basicLogger - DEBUG - Found 0 PassengerCountEvent pressure readings (start: 2025-10-17, end: 2025-10-17)
2025-10-17 22:54:29,892 - basicLogger - DEBUG - Found 0 WaitTimeEvent pressure readings (start: 2025-10-17 22:15:57.788345, end: 2025-10-17 22:54:25.151251)
2025-10-17 22:54:32,512 - basicLogger - DEBUG - Found 0 PassengerCountEvent pressure readings (start: 2025-10-17, end: 2025-10-17)
2025-10-17 22:54:34,950 - basicLogger - DEBUG - Found 0 WaitTimeEvent pressure readings (start: 2025-10-17 22:15:57.788345, end: 2025-10-17 22:54:30.152126)
2025-10-17 22:54:37,531 - basicLogger - DEBUG - Found 0 PassengerCountEvent pressure readings (start: 2025-10-17, end: 2025-10-17)
2025-10-17 22:54:39,936 - basicLogger - DEBUG - Found 0 WaitTimeEvent pressure readings (start: 2025-10-17 22:15:57.788345, end: 2025-10-17 22:54:35.147629)
2025-10-17 22:56:28,584 - basicLogger - INFO - Starting Storage Service on port 8090
2025-10-17 22:56:37,719 - basicLogger - DEBUG - Found 0 PassengerCountEvent pressure readings (start: 2025-10-17, end: 2025-10-17)
2025-10-17 22:56:40,063 - basicLogger - DEBUG - Found 0 WaitTimeEvent pressure readings (start: 2025-10-17 22:15:57.788345, end: 2025-10-17 22:56:35.313692)
2025-10-17 22:56:42,708 - basicLogger - DEBUG - Found 0 PassengerCountEvent pressure readings (start: 2025-10-17, end: 2025-10-17)
2025-10-17 22:56:45,059 - basicLogger - DEBUG - Found 0 WaitTimeEvent pressure readings (start: 2025-10-17 22:15:57.788345, end: 2025-10-17 22:56:40.322423)
2025-10-17 22:56:47,679 - basicLogger - DEBUG - Found 0 PassengerCountEvent pressure readings (start: 2025-10-17, end: 2025-10-17)
2025-10-17 22:56:50,045 - basicLogger - DEBUG - Found 0 WaitTimeEvent pressure readings (start: 2025-10-17 22:15:57.788345, end: 2025-10-17 22:56:45.323021)
2025-10-17 22:57:52,522 - basicLogger - INFO - Starting Storage Service on port 8090
2025-10-17 22:57:52,706 - basicLogger - DEBUG - Found 0 PassengerCountEvent pressure readings (start: 1994-02-08, end: 2025-10-17)
2025-10-17 22:57:55,049 - basicLogger - DEBUG - Found 0 WaitTimeEvent pressure readings (start: 1994-02-08 19:29:17.788345, end: 2025-10-17 22:57:50.317354)
2025-10-17 22:57:57,667 - basicLogger - DEBUG - Found 0 PassengerCountEvent pressure readings (start: 1994-02-08, end: 2025-10-17)
2025-10-17 22:58:00,010 - basicLogger - DEBUG - Found 0 WaitTimeEvent pressure readings (start: 1994-02-08 19:29:17.788345, end: 2025-10-17 22:57:55.325047)
2025-10-17 22:58:02,678 - basicLogger - DEBUG - Found 0 PassengerCountEvent pressure readings (start: 1994-02-08, end: 2025-10-17)
2025-10-17 22:58:05,042 - basicLogger - DEBUG - Found 0 WaitTimeEvent pressure readings (start: 1994-02-08 19:29:17.788345, end: 2025-10-17 22:58:00.323308)
2025-10-17 22:58:07,679 - basicLogger - DEBUG - Found 0 PassengerCountEvent pressure readings (start: 1994-02-08, end: 2025-10-17)
2025-10-17 22:58:10,028 - basicLogger - DEBUG - Found 0 WaitTimeEvent pressure readings (start: 1994-02-08 19:29:17.788345, end: 2025-10-17 22:58:05.320272)
2025-10-17 22:58:12,662 - basicLogger - DEBUG - Found 0 PassengerCountEvent pressure readings (start: 1994-02-08, end: 2025-10-17)
2025-10-17 22:58:15,001 - basicLogger - DEBUG - Found 0 WaitTimeEvent pressure readings (start: 1994-02-08 19:29:17.788345, end: 2025-10-17 22:58:10.319691)
2025-10-17 22:58:17,682 - basicLogger - DEBUG - Found 0 PassengerCountEvent pressure readings (start: 1994-02-08, end: 2025-10-17)
2025-10-17 22:58:20,043 - basicLogger - DEBUG - Found 0 WaitTimeEvent pressure readings (start: 1994-02-08 19:29:17.788345, end: 2025-10-17 22:58:15.322628)
2025-10-17 22:58:22,698 - basicLogger - DEBUG - Found 0 PassengerCountEvent pressure readings (start: 1994-02-08, end: 2025-10-17)
2025-10-17 22:58:25,062 - basicLogger - DEBUG - Found 0 WaitTimeEvent pressure readings (start: 1994-02-08 19:29:17.788345, end: 2025-10-17 22:58:20.318770)
2025-10-17 22:58:27,671 - basicLogger - DEBUG - Found 0 PassengerCountEvent pressure readings (start: 1994-02-08, end: 2025-10-17)
2025-10-17 22:58:30,068 - basicLogger - DEBUG - Found 0 WaitTimeEvent pressure readings (start: 1994-02-08 19:29:17.788345, end: 2025-10-17 22:58:25.322782)
2025-10-17 22:58:32,695 - basicLogger - DEBUG - Found 0 PassengerCountEvent pressure readings (start: 1994-02-08, end: 2025-10-17)
2025-10-17 22:58:35,043 - basicLogger - DEBUG - Found 0 WaitTimeEvent pressure readings (start: 1994-02-08 19:29:17.788345, end: 2025-10-17 22:58:30.325588)
2025-10-17 23:03:24,406 - basicLogger - INFO - Starting Storage Service on port 8090
2025-10-17 23:03:35,687 - basicLogger - DEBUG - Found 0 PassengerCountEvent pressure readings (start: 1994-02-08, end: 2025-10-17)
2025-10-17 23:03:38,068 - basicLogger - DEBUG - Found 0 WaitTimeEvent pressure readings (start: 1994-02-08 19:29:17, end: 2025-10-17 23:03:33)
2025-10-17 23:03:40,648 - basicLogger - DEBUG - Found 0 PassengerCountEvent pressure readings (start: 1994-02-08, end: 2025-10-17)
2025-10-17 23:04:02,808 - basicLogger - INFO - Starting Storage Service on port 8090
2025-10-17 23:04:05,653 - basicLogger - DEBUG - Found 0 PassengerCountEvent pressure readings (start: 1994-02-08, end: 2025-10-17)
2025-10-17 23:04:08,007 - basicLogger - DEBUG - Found 0 WaitTimeEvent pressure readings (start: 1994-02-08 19:29:17, end: 2025-10-17 23:04:03)
2025-10-17 23:04:10,655 - basicLogger - DEBUG - Found 0 PassengerCountEvent pressure readings (start: 1994-02-08, end: 2025-10-17)
2025-10-17 23:04:13,023 - basicLogger - DEBUG - Found 0 WaitTimeEvent pressure readings (start: 1994-02-08 19:29:17, end: 2025-10-17 23:04:08)
2025-10-17 23:04:15,639 - basicLogger - DEBUG - Found 0 PassengerCountEvent pressure readings (start: 1994-02-08, end: 2025-10-17)
2025-10-17 23:04:18,003 - basicLogger - DEBUG - Found 0 WaitTimeEvent pressure readings (start: 1994-02-08 19:29:17, end: 2025-10-17 23:04:13)
2025-10-17 23:04:20,637 - basicLogger - DEBUG - Found 0 PassengerCountEvent pressure readings (start: 1994-02-08, end: 2025-10-17)
2025-10-17 23:04:22,980 - basicLogger - DEBUG - Found 0 WaitTimeEvent pressure readings (start: 1994-02-08 19:29:17, end: 2025-10-17 23:04:18)
2025-10-17 23:04:25,646 - basicLogger - DEBUG - Found 0 PassengerCountEvent pressure readings (start: 1994-02-08, end: 2025-10-17)
2025-10-17 23:04:28,021 - basicLogger - DEBUG - Found 0 WaitTimeEvent pressure readings (start: 1994-02-08 19:29:17, end: 2025-10-17 23:04:23)
2025-10-17 23:04:30,653 - basicLogger - DEBUG - Found 0 PassengerCountEvent pressure readings (start: 1994-02-08, end: 2025-10-17)
2025-10-17 23:04:33,026 - basicLogger - DEBUG - Found 0 WaitTimeEvent pressure readings (start: 1994-02-08 19:29:17, end: 2025-10-17 23:04:28)
2025-10-17 23:04:35,616 - basicLogger - DEBUG - Found 0 PassengerCountEvent pressure readings (start: 1994-02-08, end: 2025-10-17)
2025-10-17 23:04:37,981 - basicLogger - DEBUG - Found 0 WaitTimeEvent pressure readings (start: 1994-02-08 19:29:17, end: 2025-10-17 23:04:33)
2025-10-17 23:04:40,616 - basicLogger - DEBUG - Found 0 PassengerCountEvent pressure readings (start: 1994-02-08, end: 2025-10-17)
2025-10-17 23:04:43,000 - basicLogger - DEBUG - Found 0 WaitTimeEvent pressure readings (start: 1994-02-08 19:29:17, end: 2025-10-17 23:04:38)
2025-10-17 23:04:45,614 - basicLogger - DEBUG - Found 0 PassengerCountEvent pressure readings (start: 1994-02-08, end: 2025-10-17)
2025-10-17 23:04:47,978 - basicLogger - DEBUG - Found 0 WaitTimeEvent pressure readings (start: 1994-02-08 19:29:17, end: 2025-10-17 23:04:43)
2025-10-17 23:04:50,633 - basicLogger - DEBUG - Found 0 PassengerCountEvent pressure readings (start: 1994-02-08, end: 2025-10-17)
2025-10-17 23:04:52,996 - basicLogger - DEBUG - Found 0 WaitTimeEvent pressure readings (start: 1994-02-08 19:29:17, end: 2025-10-17 23:04:48)
2025-10-17 23:04:55,622 - basicLogger - DEBUG - Found 0 PassengerCountEvent pressure readings (start: 1994-02-08, end: 2025-10-17)
2025-10-17 23:04:58,002 - basicLogger - DEBUG - Found 0 WaitTimeEvent pressure readings (start: 1994-02-08 19:29:17, end: 2025-10-17 23:04:53)
2025-10-17 23:05:00,606 - basicLogger - DEBUG - Found 0 PassengerCountEvent pressure readings (start: 1994-02-08, end: 2025-10-17)
2025-10-17 23:05:02,966 - basicLogger - DEBUG - Found 0 WaitTimeEvent pressure readings (start: 1994-02-08 19:29:17, end: 2025-10-17 23:04:58)
2025-10-17 23:05:05,618 - basicLogger - DEBUG - Found 0 PassengerCountEvent pressure readings (start: 1994-02-08, end: 2025-10-17)
2025-10-17 23:05:08,001 - basicLogger - DEBUG - Found 0 WaitTimeEvent pressure readings (start: 1994-02-08 19:29:17, end: 2025-10-17 23:05:03)
2025-10-17 23:05:10,611 - basicLogger - DEBUG - Found 0 PassengerCountEvent pressure readings (start: 1994-02-08, end: 2025-10-17)
2025-10-17 23:05:12,959 - basicLogger - DEBUG - Found 0 WaitTimeEvent pressure readings (start: 1994-02-08 19:29:17, end: 2025-10-17 23:05:08)
2025-10-17 23:05:15,603 - basicLogger - DEBUG - Found 0 PassengerCountEvent pressure readings (start: 1994-02-08, end: 2025-10-17)
2025-10-17 23:05:17,940 - basicLogger - DEBUG - Found 0 WaitTimeEvent pressure readings (start: 1994-02-08 19:29:17, end: 2025-10-17 23:05:13)
2025-10-17 23:05:20,627 - basicLogger - DEBUG - Found 0 PassengerCountEvent pressure readings (start: 1994-02-08, end: 2025-10-17)
2025-10-17 23:05:22,996 - basicLogger - DEBUG - Found 0 WaitTimeEvent pressure readings (start: 1994-02-08 19:29:17, end: 2025-10-17 23:05:18)
2025-10-17 23:05:25,617 - basicLogger - DEBUG - Found 0 PassengerCountEvent pressure readings (start: 1994-02-08, end: 2025-10-17)
2025-10-17 23:05:27,967 - basicLogger - DEBUG - Found 0 WaitTimeEvent pressure readings (start: 1994-02-08 19:29:17, end: 2025-10-17 23:05:23)
2025-10-17 23:05:30,618 - basicLogger - DEBUG - Found 0 PassengerCountEvent pressure readings (start: 1994-02-08, end: 2025-10-17)
2025-10-17 23:05:32,943 - basicLogger - DEBUG - Found 0 WaitTimeEvent pressure readings (start: 1994-02-08 19:29:17, end: 2025-10-17 23:05:28)
2025-10-17 23:05:35,597 - basicLogger - DEBUG - Found 0 PassengerCountEvent pressure readings (start: 1994-02-08, end: 2025-10-17)
2025-10-17 23:05:37,993 - basicLogger - DEBUG - Found 0 WaitTimeEvent pressure readings (start: 1994-02-08 19:29:17, end: 2025-10-17 23:05:33)
2025-10-17 23:05:40,626 - basicLogger - DEBUG - Found 0 PassengerCountEvent pressure readings (start: 1994-02-08, end: 2025-10-17)
2025-10-17 23:05:42,984 - basicLogger - DEBUG - Found 0 WaitTimeEvent pressure readings (start: 1994-02-08 19:29:17, end: 2025-10-17 23:05:38)
2025-10-17 23:05:45,629 - basicLogger - DEBUG - Found 0 PassengerCountEvent pressure readings (start: 1994-02-08, end: 2025-10-17)
2025-10-17 23:05:47,975 - basicLogger - DEBUG - Found 0 WaitTimeEvent pressure readings (start: 1994-02-08 19:29:17, end: 2025-10-17 23:05:43)
2025-10-17 23:05:50,650 - basicLogger - DEBUG - Found 0 PassengerCountEvent pressure readings (start: 1994-02-08, end: 2025-10-17)
2025-10-17 23:05:53,003 - basicLogger - DEBUG - Found 0 WaitTimeEvent pressure readings (start: 1994-02-08 19:29:17, end: 2025-10-17 23:05:48)
2025-10-17 23:05:55,624 - basicLogger - DEBUG - Found 0 PassengerCountEvent pressure readings (start: 1994-02-08, end: 2025-10-17)
2025-10-17 23:05:57,988 - basicLogger - DEBUG - Found 0 WaitTimeEvent pressure readings (start: 1994-02-08 19:29:17, end: 2025-10-17 23:05:53)
2025-10-17 23:06:00,613 - basicLogger - DEBUG - Found 0 PassengerCountEvent pressure readings (start: 1994-02-08, end: 2025-10-17)
2025-10-17 23:06:02,957 - basicLogger - DEBUG - Found 0 WaitTimeEvent pressure readings (start: 1994-02-08 19:29:17, end: 2025-10-17 23:05:58)
2025-10-17 23:06:05,654 - basicLogger - DEBUG - Found 0 PassengerCountEvent pressure readings (start: 1994-02-08, end: 2025-10-17)
2025-10-17 23:06:08,008 - basicLogger - DEBUG - Found 0 WaitTimeEvent pressure readings (start: 1994-02-08 19:29:17, end: 2025-10-17 23:06:03)
2025-10-17 23:06:10,630 - basicLogger - DEBUG - Found 0 PassengerCountEvent pressure readings (start: 1994-02-08, end: 2025-10-17)
2025-10-17 23:06:12,982 - basicLogger - DEBUG - Found 0 WaitTimeEvent pressure readings (start: 1994-02-08 19:29:17, end: 2025-10-17 23:06:08)
2025-10-17 23:06:15,642 - basicLogger - DEBUG - Found 0 PassengerCountEvent pressure readings (start: 1994-02-08, end: 2025-10-17)
2025-10-17 23:06:17,993 - basicLogger - DEBUG - Found 0 WaitTimeEvent pressure readings (start: 1994-02-08 19:29:17, end: 2025-10-17 23:06:13)
2025-10-17 23:06:20,629 - basicLogger - DEBUG - Found 0 PassengerCountEvent pressure readings (start: 1994-02-08, end: 2025-10-17)
2025-10-17 23:06:22,992 - basicLogger - DEBUG - Found 0 WaitTimeEvent pressure readings (start: 1994-02-08 19:29:17, end: 2025-10-17 23:06:18)
2025-10-17 23:06:25,628 - basicLogger - DEBUG - Found 0 PassengerCountEvent pressure readings (start: 1994-02-08, end: 2025-10-17)
2025-10-17 23:06:27,980 - basicLogger - DEBUG - Found 0 WaitTimeEvent pressure readings (start: 1994-02-08 19:29:17, end: 2025-10-17 23:06:23)
2025-10-17 23:06:30,643 - basicLogger - DEBUG - Found 0 PassengerCountEvent pressure readings (start: 1994-02-08, end: 2025-10-17)
2025-10-17 23:06:33,022 - basicLogger - DEBUG - Found 0 WaitTimeEvent pressure readings (start: 1994-02-08 19:29:17, end: 2025-10-17 23:06:28)
2025-10-17 23:06:35,629 - basicLogger - DEBUG - Found 0 PassengerCountEvent pressure readings (start: 1994-02-08, end: 2025-10-17)
2025-10-17 23:06:37,999 - basicLogger - DEBUG - Found 0 WaitTimeEvent pressure readings (start: 1994-02-08 19:29:17, end: 2025-10-17 23:06:33)
2025-10-17 23:06:40,645 - basicLogger - DEBUG - Found 0 PassengerCountEvent pressure readings (start: 1994-02-08, end: 2025-10-17)
2025-10-17 23:06:43,014 - basicLogger - DEBUG - Found 0 WaitTimeEvent pressure readings (start: 1994-02-08 19:29:17, end: 2025-10-17 23:06:38)
2025-10-17 23:06:45,642 - basicLogger - DEBUG - Found 0 PassengerCountEvent pressure readings (start: 1994-02-08, end: 2025-10-17)
2025-10-17 23:06:47,996 - basicLogger - DEBUG - Found 0 WaitTimeEvent pressure readings (start: 1994-02-08 19:29:17, end: 2025-10-17 23:06:43)
2025-10-17 23:06:50,646 - basicLogger - DEBUG - Found 0 PassengerCountEvent pressure readings (start: 1994-02-08, end: 2025-10-17)
2025-10-17 23:06:53,021 - basicLogger - DEBUG - Found 0 WaitTimeEvent pressure readings (start: 1994-02-08 19:29:17, end: 2025-10-17 23:06:48)
2025-10-17 23:06:55,626 - basicLogger - DEBUG - Found 0 PassengerCountEvent pressure readings (start: 1994-02-08, end: 2025-10-17)
2025-10-17 23:07:16,201 - basicLogger - INFO - Starting Storage Service on port 8090
2025-10-17 23:07:16,679 - basicLogger - DEBUG - Found 0 PassengerCountEvent pressure readings (start: 1994-02-08, end: 2025-10-17)
2025-10-17 23:07:19,045 - basicLogger - DEBUG - Found 0 WaitTimeEvent pressure readings (start: 1994-02-08 19:29:17.788345, end: 2025-10-17 23:07:13.260740)
2025-10-17 23:07:25,641 - basicLogger - DEBUG - Found 0 PassengerCountEvent pressure readings (start: 1994-02-08, end: 2025-10-17)
2025-10-17 23:07:28,027 - basicLogger - DEBUG - Found 0 WaitTimeEvent pressure readings (start: 1994-02-08 19:29:17.788345, end: 2025-10-17 23:07:23.264390)
2025-10-17 23:07:30,616 - basicLogger - DEBUG - Found 0 PassengerCountEvent pressure readings (start: 1994-02-08, end: 2025-10-17)
2025-10-17 23:07:32,971 - basicLogger - DEBUG - Found 0 WaitTimeEvent pressure readings (start: 1994-02-08 19:29:17.788345, end: 2025-10-17 23:07:28.271388)
2025-10-17 23:07:35,608 - basicLogger - DEBUG - Found 0 PassengerCountEvent pressure readings (start: 1994-02-08, end: 2025-10-17)
2025-10-17 23:07:37,958 - basicLogger - DEBUG - Found 0 WaitTimeEvent pressure readings (start: 1994-02-08 19:29:17.788345, end: 2025-10-17 23:07:33.261313)
2025-10-17 23:08:19,236 - basicLogger - INFO - Starting Storage Service on port 8090
2025-10-17 23:08:20,639 - basicLogger - DEBUG - Found 0 PassengerCountEvent pressure readings (start: 1994-02-08, end: 2025-10-17)
2025-10-17 23:08:25,621 - basicLogger - DEBUG - Found 0 PassengerCountEvent pressure readings (start: 1994-02-08, end: 2025-10-17)
2025-10-17 23:08:50,066 - basicLogger - INFO - Starting Storage Service on port 8090
2025-10-17 23:08:50,620 - basicLogger - DEBUG - Found 0 PassengerCountEvent pressure readings (start: 1994-02-08, end: 2025-10-17)
2025-10-17 23:08:55,619 - basicLogger - DEBUG - Found 0 PassengerCountEvent pressure readings (start: 1994-02-08, end: 2025-10-17)
2025-10-17 23:10:15,954 - basicLogger - INFO - Starting Storage Service on port 8090
2025-10-17 23:10:16,173 - basicLogger - DEBUG - Found 0 PassengerCountEvent pressure readings (start: 1994-02-08, end: 2025-10-17)
2025-10-17 23:10:40,427 - basicLogger - DEBUG - Found 0 WaitTimeEvent pressure readings (start: 2025-10-17 23:10:30, end: 2025-10-17 23:10:35)
2025-10-17 23:11:11,213 - basicLogger - INFO - Starting Storage Service on port 8090
2025-10-17 23:11:15,394 - basicLogger - DEBUG - Found 0 WaitTimeEvent pressure readings (start: 2015-10-17 23:10:30, end: 2025-10-17 23:11:10)
2025-10-17 23:11:20,407 - basicLogger - DEBUG - Found 0 WaitTimeEvent pressure readings (start: 2015-10-17 23:10:30, end: 2025-10-17 23:11:15)
2025-10-17 23:12:01,872 - basicLogger - INFO - Starting Storage Service on port 8090
2025-10-17 23:12:05,412 - basicLogger - DEBUG - Found 0 WaitTimeEvent pressure readings (start: 2015-10-17 23:10:30, end: 2025-10-17 23:12:00)
2025-10-30 02:11:43,511 - basicLogger - INFO - Starting Storage Service on port 8090
2025-10-30 08:31:57,872 - basicLogger - INFO - Starting Storage Service on port 8090
2025-10-30 08:34:14,621 - basicLogger - INFO - Starting Storage Service on port 8090
2025-10-30 08:40:11,812 - basicLogger - INFO - Starting Storage Service on port 8090
2025-10-30 08:40:21,484 - basicLogger - DEBUG - Found 25 PassengerCountEvent readings (start: 2016-08-29 09:12:33.001000+00:00, end: 2030-01-01 00:00:00+00:00)
2025-10-30 08:40:34,312 - basicLogger - DEBUG - Found 50 WaitTimeEvent readings (start: 2016-08-29 09:12:33.001000+00:00, end: 2030-01-01 00:00:00+00:00)
2025-10-30 09:00:02,817 - basicLogger - INFO - Starting Storage Service on port 8090
2025-10-30 09:00:27,723 - basicLogger - DEBUG - Found 0 PassengerCountEvent readings (start: 2025-10-30 09:00:21, end: 2025-10-30 09:00:26)
2025-10-30 09:00:28,796 - basicLogger - DEBUG - Found 0 WaitTimeEvent readings (start: 2025-10-30 09:00:21, end: 2025-10-30 09:00:26)
2025-10-30 09:00:32,456 - basicLogger - DEBUG - Found 0 PassengerCountEvent readings (start: 2025-10-30 09:00:26, end: 2025-10-30 09:00:31)
2025-10-30 09:00:33,523 - basicLogger - DEBUG - Found 0 WaitTimeEvent readings (start: 2025-10-30 09:00:26, end: 2025-10-30 09:00:31)
2025-10-30 09:00:37,504 - basicLogger - DEBUG - Found 0 PassengerCountEvent readings (start: 2025-10-30 09:00:31, end: 2025-10-30 09:00:36)
2025-10-30 09:00:38,572 - basicLogger - DEBUG - Found 0 WaitTimeEvent readings (start: 2025-10-30 09:00:31, end: 2025-10-30 09:00:36)
2025-10-30 09:00:42,464 - basicLogger - DEBUG - Found 0 PassengerCountEvent readings (start: 2025-10-30 09:00:36, end: 2025-10-30 09:00:41)
2025-10-30 09:00:43,537 - basicLogger - DEBUG - Found 0 WaitTimeEvent readings (start: 2025-10-30 09:00:36, end: 2025-10-30 09:00:41)
2025-10-30 09:00:47,484 - basicLogger - DEBUG - Found 0 PassengerCountEvent readings (start: 2025-10-30 09:00:41, end: 2025-10-30 09:00:46)
2025-10-30 09:00:48,552 - basicLogger - DEBUG - Found 0 WaitTimeEvent readings (start: 2025-10-30 09:00:41, end: 2025-10-30 09:00:46)
2025-10-30 09:00:52,475 - basicLogger - DEBUG - Found 0 PassengerCountEvent readings (start: 2025-10-30 09:00:46, end: 2025-10-30 09:00:51)
2025-10-30 09:00:53,529 - basicLogger - DEBUG - Found 0 WaitTimeEvent readings (start: 2025-10-30 09:00:46, end: 2025-10-30 09:00:51)
2025-10-30 09:00:57,484 - basicLogger - DEBUG - Found 0 PassengerCountEvent readings (start: 2025-10-30 09:00:51, end: 2025-10-30 09:00:56)
2025-10-30 09:00:58,551 - basicLogger - DEBUG - Found 0 WaitTimeEvent readings (start: 2025-10-30 09:00:51, end: 2025-10-30 09:00:56)
2025-10-30 09:01:02,460 - basicLogger - DEBUG - Found 0 PassengerCountEvent readings (start: 2025-10-30 09:00:56, end: 2025-10-30 09:01:01)
2025-10-30 09:01:03,516 - basicLogger - DEBUG - Found 0 WaitTimeEvent readings (start: 2025-10-30 09:00:56, end: 2025-10-30 09:01:01)
2025-10-30 09:09:45,795 - basicLogger - INFO - Starting Storage Service on port 8090
2025-10-30 09:09:55,347 - basicLogger - DEBUG - Found 0 PassengerCountEvent readings (start: 2025-10-30 09:01:01, end: 2025-10-30 09:09:54)
2025-10-30 09:09:56,409 - basicLogger - DEBUG - Found 0 WaitTimeEvent readings (start: 2025-10-30 09:01:01, end: 2025-10-30 09:09:54)
2025-10-30 09:10:00,257 - basicLogger - DEBUG - Found 0 PassengerCountEvent readings (start: 2025-10-30 09:09:54, end: 2025-10-30 09:09:59)
2025-10-30 09:10:01,303 - basicLogger - DEBUG - Found 0 WaitTimeEvent readings (start: 2025-10-30 09:09:54, end: 2025-10-30 09:09:59)
2025-10-30 09:10:05,264 - basicLogger - DEBUG - Found 0 PassengerCountEvent readings (start: 2025-10-30 09:09:59, end: 2025-10-30 09:10:04)
2025-10-30 09:10:06,338 - basicLogger - DEBUG - Found 0 WaitTimeEvent readings (start: 2025-10-30 09:09:59, end: 2025-10-30 09:10:04)
2025-10-30 09:10:10,237 - basicLogger - DEBUG - Found 0 PassengerCountEvent readings (start: 2025-10-30 09:10:04, end: 2025-10-30 09:10:09)
2025-10-30 09:10:11,299 - basicLogger - DEBUG - Found 0 WaitTimeEvent readings (start: 2025-10-30 09:10:04, end: 2025-10-30 09:10:09)
2025-10-30 09:10:15,236 - basicLogger - DEBUG - Found 0 PassengerCountEvent readings (start: 2025-10-30 09:10:09, end: 2025-10-30 09:10:14)
2025-10-30 09:10:16,268 - basicLogger - DEBUG - Found 0 WaitTimeEvent readings (start: 2025-10-30 09:10:09, end: 2025-10-30 09:10:14)
2025-10-30 09:10:20,253 - basicLogger - DEBUG - Found 0 PassengerCountEvent readings (start: 2025-10-30 09:10:14, end: 2025-10-30 09:10:19)
2025-10-30 09:10:21,334 - basicLogger - DEBUG - Found 0 WaitTimeEvent readings (start: 2025-10-30 09:10:14, end: 2025-10-30 09:10:19)
2025-10-30 09:10:25,239 - basicLogger - DEBUG - Found 0 PassengerCountEvent readings (start: 2025-10-30 09:10:19, end: 2025-10-30 09:10:24)
2025-10-30 09:10:26,285 - basicLogger - DEBUG - Found 0 WaitTimeEvent readings (start: 2025-10-30 09:10:19, end: 2025-10-30 09:10:24)
2025-10-30 09:10:30,226 - basicLogger - DEBUG - Found 0 PassengerCountEvent readings (start: 2025-10-30 09:10:24, end: 2025-10-30 09:10:29)
2025-10-30 09:10:31,273 - basicLogger - DEBUG - Found 0 WaitTimeEvent readings (start: 2025-10-30 09:10:24, end: 2025-10-30 09:10:29)
2025-10-30 09:10:35,229 - basicLogger - DEBUG - Found 0 PassengerCountEvent readings (start: 2025-10-30 09:10:29, end: 2025-10-30 09:10:34)
2025-10-30 09:10:36,288 - basicLogger - DEBUG - Found 0 WaitTimeEvent readings (start: 2025-10-30 09:10:29, end: 2025-10-30 09:10:34)
2025-10-30 09:10:40,228 - basicLogger - DEBUG - Found 0 PassengerCountEvent readings (start: 2025-10-30 09:10:34, end: 2025-10-30 09:10:39)
2025-10-30 09:10:41,286 - basicLogger - DEBUG - Found 0 WaitTimeEvent readings (start: 2025-10-30 09:10:34, end: 2025-10-30 09:10:39)
2025-10-30 09:10:45,248 - basicLogger - DEBUG - Found 0 PassengerCountEvent readings (start: 2025-10-30 09:10:39, end: 2025-10-30 09:10:44)
2025-10-30 09:10:46,297 - basicLogger - DEBUG - Found 0 WaitTimeEvent readings (start: 2025-10-30 09:10:39, end: 2025-10-30 09:10:44)
2025-10-30 09:10:50,229 - basicLogger - DEBUG - Found 0 PassengerCountEvent readings (start: 2025-10-30 09:10:44, end: 2025-10-30 09:10:49)
2025-10-30 09:10:51,290 - basicLogger - DEBUG - Found 0 WaitTimeEvent readings (start: 2025-10-30 09:10:44, end: 2025-10-30 09:10:49)
2025-10-30 09:10:55,226 - basicLogger - DEBUG - Found 0 PassengerCountEvent readings (start: 2025-10-30 09:10:49, end: 2025-10-30 09:10:54)
2025-10-30 09:10:56,295 - basicLogger - DEBUG - Found 0 WaitTimeEvent readings (start: 2025-10-30 09:10:49, end: 2025-10-30 09:10:54)
2025-10-30 09:11:00,248 - basicLogger - DEBUG - Found 0 PassengerCountEvent readings (start: 2025-10-30 09:10:54, end: 2025-10-30 09:10:59)
2025-10-30 09:11:01,303 - basicLogger - DEBUG - Found 0 WaitTimeEvent readings (start: 2025-10-30 09:10:54, end: 2025-10-30 09:10:59)
2025-10-30 09:11:05,253 - basicLogger - DEBUG - Found 0 PassengerCountEvent readings (start: 2025-10-30 09:10:59, end: 2025-10-30 09:11:04)
2025-10-30 09:11:05,312 - basicLogger - DEBUG - Stored event passenger_count with a trace id of 1761840664145801000
2025-10-30 09:11:06,311 - basicLogger - DEBUG - Found 0 WaitTimeEvent readings (start: 2025-10-30 09:10:59, end: 2025-10-30 09:11:04)
2025-10-30 09:11:10,237 - basicLogger - DEBUG - Found 0 PassengerCountEvent readings (start: 2025-10-30 09:11:04, end: 2025-10-30 09:11:09)
2025-10-30 09:11:11,318 - basicLogger - DEBUG - Found 0 WaitTimeEvent readings (start: 2025-10-30 09:11:04, end: 2025-10-30 09:11:09)
2025-10-30 09:11:15,251 - basicLogger - DEBUG - Found 0 PassengerCountEvent readings (start: 2025-10-30 09:11:09, end: 2025-10-30 09:11:14)
2025-10-30 09:11:16,291 - basicLogger - DEBUG - Found 0 WaitTimeEvent readings (start: 2025-10-30 09:11:09, end: 2025-10-30 09:11:14)
2025-10-30 09:11:17,744 - basicLogger - DEBUG - Stored event wait_time with a trace id of 1761840676667819800
2025-10-30 09:11:20,240 - basicLogger - DEBUG - Found 0 PassengerCountEvent readings (start: 2025-10-30 09:11:14, end: 2025-10-30 09:11:19)
2025-10-30 09:11:21,299 - basicLogger - DEBUG - Found 0 WaitTimeEvent readings (start: 2025-10-30 09:11:14, end: 2025-10-30 09:11:19)
2025-10-30 09:11:25,238 - basicLogger - DEBUG - Found 0 PassengerCountEvent readings (start: 2025-10-30 09:11:19, end: 2025-10-30 09:11:24)
2025-10-30 09:11:26,292 - basicLogger - DEBUG - Found 0 WaitTimeEvent readings (start: 2025-10-30 09:11:19, end: 2025-10-30 09:11:24)
2025-10-30 09:11:30,220 - basicLogger - DEBUG - Found 0 PassengerCountEvent readings (start: 2025-10-30 09:11:24, end: 2025-10-30 09:11:29)
2025-10-30 09:11:31,291 - basicLogger - DEBUG - Found 0 WaitTimeEvent readings (start: 2025-10-30 09:11:24, end: 2025-10-30 09:11:29)
2025-10-30 09:11:35,238 - basicLogger - DEBUG - Found 0 PassengerCountEvent readings (start: 2025-10-30 09:11:29, end: 2025-10-30 09:11:34)
2025-10-30 09:11:36,293 - basicLogger - DEBUG - Found 0 WaitTimeEvent readings (start: 2025-10-30 09:11:29, end: 2025-10-30 09:11:34)
2025-10-30 09:32:25,490 - basicLogger - INFO - Starting Storage Service on port 8090
2025-10-30 09:32:36,921 - basicLogger - DEBUG - Stored event passenger_count with a trace id of 1761841955727586800
2025-10-30 09:32:40,295 - basicLogger - DEBUG - Found 1 PassengerCountEvent readings (start: 2025-10-30 16:32:34, end: 2025-10-30 16:32:39)
2025-10-30 09:32:40,555 - basicLogger - DEBUG - Stored event wait_time with a trace id of 1761841959482528900
2025-10-30 09:32:41,355 - basicLogger - DEBUG - Found 0 WaitTimeEvent readings (start: 2025-10-30 16:32:34, end: 2025-10-30 16:32:39)
2025-10-30 09:32:45,203 - basicLogger - DEBUG - Found 1 PassengerCountEvent readings (start: 2025-10-30 16:32:36, end: 2025-10-30 16:32:44)
2025-10-30 09:32:46,261 - basicLogger - DEBUG - Found 1 WaitTimeEvent readings (start: 2025-10-30 16:32:36, end: 2025-10-30 16:32:44)
2025-10-30 09:32:50,202 - basicLogger - DEBUG - Found 0 PassengerCountEvent readings (start: 2025-10-30 16:32:40, end: 2025-10-30 16:32:49)
2025-10-30 09:32:51,274 - basicLogger - DEBUG - Found 1 WaitTimeEvent readings (start: 2025-10-30 16:32:40, end: 2025-10-30 16:32:49)
2025-10-30 09:32:55,190 - basicLogger - DEBUG - Found 0 PassengerCountEvent readings (start: 2025-10-30 16:32:40, end: 2025-10-30 16:32:54)
2025-10-30 09:32:56,262 - basicLogger - DEBUG - Found 1 WaitTimeEvent readings (start: 2025-10-30 16:32:40, end: 2025-10-30 16:32:54)
2025-10-30 09:33:00,206 - basicLogger - DEBUG - Found 0 PassengerCountEvent readings (start: 2025-10-30 16:32:40, end: 2025-10-30 16:32:59)
2025-10-30 09:33:01,264 - basicLogger - DEBUG - Found 1 WaitTimeEvent readings (start: 2025-10-30 16:32:40, end: 2025-10-30 16:32:59)
2025-10-30 09:33:05,228 - basicLogger - DEBUG - Found 0 PassengerCountEvent readings (start: 2025-10-30 16:32:40, end: 2025-10-30 16:33:04)
2025-10-30 09:33:06,289 - basicLogger - DEBUG - Found 1 WaitTimeEvent readings (start: 2025-10-30 16:32:40, end: 2025-10-30 16:33:04)
2025-10-30 10:05:21,231 - basicLogger - INFO - Starting Storage Service on port 8090
2025-10-30 10:05:43,235 - basicLogger - DEBUG - Found 0 PassengerCountEvent readings (start: 2025-10-30 16:32:40, end: 2025-10-30 17:05:42)
2025-10-30 10:05:43,995 - basicLogger - DEBUG - Stored event wait_time with a trace id of 1761843942844522200
2025-10-30 10:05:44,303 - basicLogger - DEBUG - Found 1 WaitTimeEvent readings (start: 2025-10-30 16:32:40, end: 2025-10-30 17:05:42)
2025-10-30 10:05:48,094 - basicLogger - DEBUG - Found 0 PassengerCountEvent readings (start: 2025-10-30 17:05:42, end: 2025-10-30 17:05:47)
2025-10-30 10:05:49,169 - basicLogger - DEBUG - Found 1 WaitTimeEvent readings (start: 2025-10-30 17:05:42, end: 2025-10-30 17:05:47)
2025-10-30 10:05:50,322 - basicLogger - DEBUG - Stored event passenger_count with a trace id of 1761843949257524300
2025-10-30 10:05:53,091 - basicLogger - DEBUG - Found 1 PassengerCountEvent readings (start: 2025-10-30 17:05:47, end: 2025-10-30 17:05:52)
2025-10-30 10:05:54,163 - basicLogger - DEBUG - Found 0 WaitTimeEvent readings (start: 2025-10-30 17:05:47, end: 2025-10-30 17:05:52)
2025-10-30 10:05:58,089 - basicLogger - DEBUG - Found 0 PassengerCountEvent readings (start: 2025-10-30 17:05:52, end: 2025-10-30 17:05:57)
2025-10-30 10:05:59,146 - basicLogger - DEBUG - Found 0 WaitTimeEvent readings (start: 2025-10-30 17:05:52, end: 2025-10-30 17:05:57)
2025-10-30 10:06:03,083 - basicLogger - DEBUG - Found 0 PassengerCountEvent readings (start: 2025-10-30 17:05:57, end: 2025-10-30 17:06:02)
2025-10-30 10:06:04,142 - basicLogger - DEBUG - Found 0 WaitTimeEvent readings (start: 2025-10-30 17:05:57, end: 2025-10-30 17:06:02)
2025-10-30 10:15:50,688 - basicLogger - INFO - Starting Storage Service on port 8090
2025-10-30 10:16:03,490 - basicLogger - DEBUG - Found 0 PassengerCountEvent readings (start: 2025-10-30 17:06:02, end: 2025-10-30 17:16:02)
2025-10-30 10:16:04,533 - basicLogger - DEBUG - Found 0 WaitTimeEvent readings (start: 2025-10-30 17:06:02, end: 2025-10-30 17:16:02)
2025-10-30 10:16:08,286 - basicLogger - DEBUG - Found 0 PassengerCountEvent readings (start: 2025-10-30 17:16:02, end: 2025-10-30 17:16:07)
2025-10-30 10:16:09,350 - basicLogger - DEBUG - Found 0 WaitTimeEvent readings (start: 2025-10-30 17:16:02, end: 2025-10-30 17:16:07)
2025-10-30 10:16:11,520 - basicLogger - DEBUG - Stored event passenger_count with a trace id of 1761844570258945600
2025-10-30 10:16:13,296 - basicLogger - DEBUG - Found 1 PassengerCountEvent readings (start: 2025-10-30 17:16:07, end: 2025-10-30 17:16:12)
2025-10-30 10:16:14,369 - basicLogger - DEBUG - Found 0 WaitTimeEvent readings (start: 2025-10-30 17:16:07, end: 2025-10-30 17:16:12)
2025-10-30 10:16:15,739 - basicLogger - DEBUG - Stored event wait_time with a trace id of 1761844574699184500
2025-10-30 10:16:18,285 - basicLogger - DEBUG - Found 0 PassengerCountEvent readings (start: 2025-10-30 17:16:12, end: 2025-10-30 17:16:17)
2025-10-30 10:16:19,371 - basicLogger - DEBUG - Found 1 WaitTimeEvent readings (start: 2025-10-30 17:16:12, end: 2025-10-30 17:16:17)
2025-10-30 10:16:23,283 - basicLogger - DEBUG - Found 0 PassengerCountEvent readings (start: 2025-10-30 17:16:17, end: 2025-10-30 17:16:22)
2025-10-30 10:16:24,340 - basicLogger - DEBUG - Found 0 WaitTimeEvent readings (start: 2025-10-30 17:16:17, end: 2025-10-30 17:16:22)
2025-10-30 10:16:28,283 - basicLogger - DEBUG - Found 0 PassengerCountEvent readings (start: 2025-10-30 17:16:22, end: 2025-10-30 17:16:27)
2025-10-30 10:16:29,357 - basicLogger - DEBUG - Found 0 WaitTimeEvent readings (start: 2025-10-30 17:16:22, end: 2025-10-30 17:16:27)
2025-10-30 10:17:35,260 - basicLogger - INFO - Starting Storage Service on port 8090
2025-10-30 10:17:44,784 - basicLogger - DEBUG - Found 0 PassengerCountEvent readings (start: 2025-10-30 17:16:27, end: 2025-10-30 17:17:43)
2025-10-30 10:17:45,855 - basicLogger - DEBUG - Found 0 WaitTimeEvent readings (start: 2025-10-30 17:16:27, end: 2025-10-30 17:17:43)
2025-10-30 10:17:49,617 - basicLogger - DEBUG - Found 0 PassengerCountEvent readings (start: 2025-10-30 17:17:43, end: 2025-10-30 17:17:48)
2025-10-30 10:17:50,671 - basicLogger - DEBUG - Found 0 WaitTimeEvent readings (start: 2025-10-30 17:17:43, end: 2025-10-30 17:17:48)
2025-10-30 10:17:54,453 - basicLogger - DEBUG - Stored event wait_time with a trace id of 1761844673298324700
2025-10-30 10:17:54,641 - basicLogger - DEBUG - Found 0 PassengerCountEvent readings (start: 2025-10-30 17:17:48, end: 2025-10-30 17:17:53)
2025-10-30 10:17:55,713 - basicLogger - DEBUG - Found 0 WaitTimeEvent readings (start: 2025-10-30 17:17:48, end: 2025-10-30 17:17:53)
2025-10-30 10:17:57,977 - basicLogger - DEBUG - Stored event passenger_count with a trace id of 1761844676917504100
2025-10-30 10:17:59,603 - basicLogger - DEBUG - Found 1 PassengerCountEvent readings (start: 2025-10-30 17:17:53, end: 2025-10-30 17:17:58)
2025-10-30 10:18:00,684 - basicLogger - DEBUG - Found 1 WaitTimeEvent readings (start: 2025-10-30 17:17:53, end: 2025-10-30 17:17:58)
2025-10-30 10:18:04,613 - basicLogger - DEBUG - Found 0 PassengerCountEvent readings (start: 2025-10-30 17:17:58, end: 2025-10-30 17:18:03)
2025-10-30 10:18:05,686 - basicLogger - DEBUG - Found 0 WaitTimeEvent readings (start: 2025-10-30 17:17:58, end: 2025-10-30 17:18:03)
2025-10-30 10:18:09,633 - basicLogger - DEBUG - Found 0 PassengerCountEvent readings (start: 2025-10-30 17:18:03, end: 2025-10-30 17:18:08)
2025-10-30 10:18:10,667 - basicLogger - DEBUG - Found 0 WaitTimeEvent readings (start: 2025-10-30 17:18:03, end: 2025-10-30 17:18:08)
2025-10-30 10:28:22,651 - basicLogger - INFO - Starting Storage Service on port 8090
2025-10-30 10:28:31,689 - basicLogger - DEBUG - Found 0 PassengerCountEvent readings (start: 2025-10-30 17:18:08, end: 2025-10-30 17:28:30)
2025-10-30 10:28:32,730 - basicLogger - DEBUG - Found 0 WaitTimeEvent readings (start: 2025-10-30 17:18:08, end: 2025-10-30 17:28:30)
2025-10-30 10:28:36,491 - basicLogger - DEBUG - Found 0 PassengerCountEvent readings (start: 2025-10-30 17:28:30, end: 2025-10-30 17:28:35)
2025-10-30 10:28:37,537 - basicLogger - DEBUG - Found 0 WaitTimeEvent readings (start: 2025-10-30 17:28:30, end: 2025-10-30 17:28:35)
2025-10-30 10:28:41,459 - basicLogger - DEBUG - Found 0 PassengerCountEvent readings (start: 2025-10-30 17:28:35, end: 2025-10-30 17:28:40)
2025-10-30 10:28:41,937 - basicLogger - DEBUG - Stored event passenger_count with a trace id of 1761845320717102100
2025-10-30 10:28:42,527 - basicLogger - DEBUG - Found 0 WaitTimeEvent readings (start: 2025-10-30 17:28:35, end: 2025-10-30 17:28:40)
2025-10-30 10:28:45,943 - basicLogger - DEBUG - Stored event wait_time with a trace id of 1761845324865901400
2025-10-30 10:28:46,456 - basicLogger - DEBUG - Found 1 PassengerCountEvent readings (start: 2025-10-30 17:28:40, end: 2025-10-30 17:28:45)
2025-10-30 10:28:47,546 - basicLogger - DEBUG - Found 0 WaitTimeEvent readings (start: 2025-10-30 17:28:40, end: 2025-10-30 17:28:45)
2025-10-30 10:28:51,460 - basicLogger - DEBUG - Found 0 PassengerCountEvent readings (start: 2025-10-30 17:28:45, end: 2025-10-30 17:28:50)
2025-10-30 10:28:52,503 - basicLogger - DEBUG - Found 1 WaitTimeEvent readings (start: 2025-10-30 17:28:45, end: 2025-10-30 17:28:50)
2025-10-30 10:28:56,441 - basicLogger - DEBUG - Found 0 PassengerCountEvent readings (start: 2025-10-30 17:28:50, end: 2025-10-30 17:28:55)
2025-10-30 10:28:57,491 - basicLogger - DEBUG - Found 0 WaitTimeEvent readings (start: 2025-10-30 17:28:50, end: 2025-10-30 17:28:55)
2025-10-30 10:29:01,448 - basicLogger - DEBUG - Found 0 PassengerCountEvent readings (start: 2025-10-30 17:28:55, end: 2025-10-30 17:29:00)
2025-10-30 10:29:02,509 - basicLogger - DEBUG - Found 0 WaitTimeEvent readings (start: 2025-10-30 17:28:55, end: 2025-10-30 17:29:00)
2025-10-30 10:29:06,457 - basicLogger - DEBUG - Found 0 PassengerCountEvent readings (start: 2025-10-30 17:29:00, end: 2025-10-30 17:29:05)
2025-10-30 10:29:07,501 - basicLogger - DEBUG - Found 0 WaitTimeEvent readings (start: 2025-10-30 17:29:00, end: 2025-10-30 17:29:05)
2025-10-30 10:29:11,479 - basicLogger - DEBUG - Found 0 PassengerCountEvent readings (start: 2025-10-30 17:29:05, end: 2025-10-30 17:29:10)
2025-10-30 10:29:12,553 - basicLogger - DEBUG - Found 0 WaitTimeEvent readings (start: 2025-10-30 17:29:05, end: 2025-10-30 17:29:10)
2025-10-30 10:29:16,452 - basicLogger - DEBUG - Found 0 PassengerCountEvent readings (start: 2025-10-30 17:29:10, end: 2025-10-30 17:29:15)
2025-10-30 10:29:17,505 - basicLogger - DEBUG - Found 0 WaitTimeEvent readings (start: 2025-10-30 17:29:10, end: 2025-10-30 17:29:15)
2025-10-30 10:29:21,483 - basicLogger - DEBUG - Found 0 PassengerCountEvent readings (start: 2025-10-30 17:29:15, end: 2025-10-30 17:29:20)
2025-10-30 10:29:22,538 - basicLogger - DEBUG - Found 0 WaitTimeEvent readings (start: 2025-10-30 17:29:15, end: 2025-10-30 17:29:20)
2025-10-30 10:29:26,454 - basicLogger - DEBUG - Found 0 PassengerCountEvent readings (start: 2025-10-30 17:29:20, end: 2025-10-30 17:29:25)
2025-10-30 10:29:27,514 - basicLogger - DEBUG - Found 0 WaitTimeEvent readings (start: 2025-10-30 17:29:20, end: 2025-10-30 17:29:25)
2025-10-30 10:29:31,482 - basicLogger - DEBUG - Found 0 PassengerCountEvent readings (start: 2025-10-30 17:29:25, end: 2025-10-30 17:29:30)
2025-10-30 10:29:32,540 - basicLogger - DEBUG - Found 0 WaitTimeEvent readings (start: 2025-10-30 17:29:25, end: 2025-10-30 17:29:30)
2025-10-30 10:29:36,450 - basicLogger - DEBUG - Found 0 PassengerCountEvent readings (start: 2025-10-30 17:29:30, end: 2025-10-30 17:29:35)
2025-10-30 10:29:37,504 - basicLogger - DEBUG - Found 0 WaitTimeEvent readings (start: 2025-10-30 17:29:30, end: 2025-10-30 17:29:35)
2025-10-30 10:29:41,465 - basicLogger - DEBUG - Found 0 PassengerCountEvent readings (start: 2025-10-30 17:29:35, end: 2025-10-30 17:29:40)
2025-10-30 10:29:42,535 - basicLogger - DEBUG - Found 0 WaitTimeEvent readings (start: 2025-10-30 17:29:35, end: 2025-10-30 17:29:40)
2025-10-30 10:29:46,428 - basicLogger - DEBUG - Found 0 PassengerCountEvent readings (start: 2025-10-30 17:29:40, end: 2025-10-30 17:29:45)
2025-10-30 10:29:47,513 - basicLogger - DEBUG - Found 0 WaitTimeEvent readings (start: 2025-10-30 17:29:40, end: 2025-10-30 17:29:45)
2025-10-30 10:29:51,441 - basicLogger - DEBUG - Found 0 PassengerCountEvent readings (start: 2025-10-30 17:29:45, end: 2025-10-30 17:29:50)
2025-10-30 10:29:52,511 - basicLogger - DEBUG - Found 0 WaitTimeEvent readings (start: 2025-10-30 17:29:45, end: 2025-10-30 17:29:50)
2025-10-30 10:29:56,474 - basicLogger - DEBUG - Found 0 PassengerCountEvent readings (start: 2025-10-30 17:29:50, end: 2025-10-30 17:29:55)
2025-10-30 10:29:57,551 - basicLogger - DEBUG - Found 0 WaitTimeEvent readings (start: 2025-10-30 17:29:50, end: 2025-10-30 17:29:55)
2025-10-30 10:30:01,477 - basicLogger - DEBUG - Found 0 PassengerCountEvent readings (start: 2025-10-30 17:29:55, end: 2025-10-30 17:30:00)
2025-10-30 10:30:02,521 - basicLogger - DEBUG - Found 0 WaitTimeEvent readings (start: 2025-10-30 17:29:55, end: 2025-10-30 17:30:00)
2025-10-30 10:30:06,456 - basicLogger - DEBUG - Found 0 PassengerCountEvent readings (start: 2025-10-30 17:30:00, end: 2025-10-30 17:30:05)
2025-10-30 10:30:07,513 - basicLogger - DEBUG - Found 0 WaitTimeEvent readings (start: 2025-10-30 17:30:00, end: 2025-10-30 17:30:05)
2025-10-30 10:30:11,444 - basicLogger - DEBUG - Found 0 PassengerCountEvent readings (start: 2025-10-30 17:30:05, end: 2025-10-30 17:30:10)
2025-10-30 10:30:12,513 - basicLogger - DEBUG - Found 0 WaitTimeEvent readings (start: 2025-10-30 17:30:05, end: 2025-10-30 17:30:10)
2025-10-30 10:45:33,289 - basicLogger - INFO - Starting Storage Service on port 8090
2025-10-30 10:45:45,859 - basicLogger - DEBUG - Found 0 PassengerCountEvent readings (start: 2025-10-30 17:30:10, end: 2025-10-30 17:45:44)
2025-10-30 10:45:46,909 - basicLogger - DEBUG - Found 0 WaitTimeEvent readings (start: 2025-10-30 17:30:10, end: 2025-10-30 17:45:44)
2025-10-30 10:45:50,721 - basicLogger - DEBUG - Found 0 PassengerCountEvent readings (start: 2025-10-30 17:45:44, end: 2025-10-30 17:45:49)
2025-10-30 10:45:51,776 - basicLogger - DEBUG - Found 0 WaitTimeEvent readings (start: 2025-10-30 17:45:44, end: 2025-10-30 17:45:49)
2025-10-30 10:45:55,768 - basicLogger - DEBUG - Found 0 PassengerCountEvent readings (start: 2025-10-30 17:45:49, end: 2025-10-30 17:45:54)
2025-10-30 10:45:56,837 - basicLogger - DEBUG - Found 0 WaitTimeEvent readings (start: 2025-10-30 17:45:49, end: 2025-10-30 17:45:54)
2025-10-30 10:46:00,745 - basicLogger - DEBUG - Found 0 PassengerCountEvent readings (start: 2025-10-30 17:45:54, end: 2025-10-30 17:45:59)
2025-10-30 10:46:01,785 - basicLogger - DEBUG - Found 0 WaitTimeEvent readings (start: 2025-10-30 17:45:54, end: 2025-10-30 17:45:59)
2025-10-30 10:46:05,750 - basicLogger - DEBUG - Found 0 PassengerCountEvent readings (start: 2025-10-30 17:45:59, end: 2025-10-30 17:46:04)
2025-10-30 10:46:06,821 - basicLogger - DEBUG - Found 0 WaitTimeEvent readings (start: 2025-10-30 17:45:59, end: 2025-10-30 17:46:04)
2025-10-30 10:46:10,362 - basicLogger - DEBUG - Stored event wait_time with a trace id of 1761846369215375000
2025-10-30 10:46:10,724 - basicLogger - DEBUG - Found 0 PassengerCountEvent readings (start: 2025-10-30 17:46:04, end: 2025-10-30 17:46:09)
2025-10-30 10:46:11,775 - basicLogger - DEBUG - Found 0 WaitTimeEvent readings (start: 2025-10-30 17:46:04, end: 2025-10-30 17:46:09)
2025-10-30 10:46:13,325 - basicLogger - DEBUG - Stored event passenger_count with a trace id of 1761846372270043400
2025-10-30 10:46:15,732 - basicLogger - DEBUG - Found 1 PassengerCountEvent readings (start: 2025-10-30 17:46:09, end: 2025-10-30 17:46:14)
2025-10-30 10:46:16,783 - basicLogger - DEBUG - Found 1 WaitTimeEvent readings (start: 2025-10-30 17:46:09, end: 2025-10-30 17:46:14)
2025-10-30 10:46:20,746 - basicLogger - DEBUG - Found 0 PassengerCountEvent readings (start: 2025-10-30 17:46:14, end: 2025-10-30 17:46:19)
2025-10-30 10:46:21,789 - basicLogger - DEBUG - Found 0 WaitTimeEvent readings (start: 2025-10-30 17:46:14, end: 2025-10-30 17:46:19)
2025-10-30 10:46:25,736 - basicLogger - DEBUG - Found 0 PassengerCountEvent readings (start: 2025-10-30 17:46:19, end: 2025-10-30 17:46:24)
2025-10-30 10:46:26,768 - basicLogger - DEBUG - Found 0 WaitTimeEvent readings (start: 2025-10-30 17:46:19, end: 2025-10-30 17:46:24)
